<testsuites id="" name="" tests="10" failures="4" skipped="0" errors="0" time="32.927631">
<testsuite name="nonfunctional/accessibility.audit.spec.ts" timestamp="2026-01-28T10:27:22.343Z" hostname="nonfunctional" tests="3" failures="0" skipped="0" time="3.033" errors="0">
<testcase name="Accessibility Audit › Home Page should meet accessibility standards" classname="nonfunctional/accessibility.audit.spec.ts" time="1.014">
<system-out>
<![CDATA[HTML report was saved into the following directory /home/runner/work/gad-mcp-copilot/gad-mcp-copilot/./accessibility-reports/accessibility-report-home-page.html

[[ATTACHMENT|../test-results/accessibility.audit-Access-8ad65-eet-accessibility-standards-nonfunctional/attachments/accessibility-report-home-page-html-130c0f137b68cac3ba8a5c1ca303966422d10c36.html]]

[[ATTACHMENT|../test-results/accessibility.audit-Access-8ad65-eet-accessibility-standards-nonfunctional/trace.zip]]
]]>
</system-out>
</testcase>
<testcase name="Accessibility Audit › Login Page should meet accessibility standards" classname="nonfunctional/accessibility.audit.spec.ts" time="0.821">
<system-out>
<![CDATA[HTML report was saved into the following directory /home/runner/work/gad-mcp-copilot/gad-mcp-copilot/./accessibility-reports/accessibility-report-login-page.html

[[ATTACHMENT|../test-results/accessibility.audit-Access-b38b3-eet-accessibility-standards-nonfunctional/attachments/accessibility-report-login-page-html-681d6fcd815f2e48b508ad3b6f3fb851a541a482.html]]

[[ATTACHMENT|../test-results/accessibility.audit-Access-b38b3-eet-accessibility-standards-nonfunctional/trace.zip]]
]]>
</system-out>
</testcase>
<testcase name="Accessibility Audit › Register Page should meet accessibility standards" classname="nonfunctional/accessibility.audit.spec.ts" time="1.198">
<system-out>
<![CDATA[HTML report was saved into the following directory /home/runner/work/gad-mcp-copilot/gad-mcp-copilot/./accessibility-reports/accessibility-report-register-page.html

[[ATTACHMENT|../test-results/accessibility.audit-Access-0e49b-eet-accessibility-standards-nonfunctional/attachments/accessibility-report-register-page-html-69a1c2ae55bbed410244b2e302ae13693f92fd0e.html]]

[[ATTACHMENT|../test-results/accessibility.audit-Access-0e49b-eet-accessibility-standards-nonfunctional/trace.zip]]
]]>
</system-out>
</testcase>
</testsuite>
<testsuite name="nonfunctional/performance.audit.spec.ts" timestamp="2026-01-28T10:27:22.343Z" hostname="nonfunctional" tests="3" failures="0" skipped="0" time="22.402" errors="0">
<testcase name="Lighthouse Performance Audit › Home page should meet performance standards" classname="nonfunctional/performance.audit.spec.ts" time="8.848">
<system-out>
<![CDATA[

[34m-------- playwright lighthouse audit reports --------[39m


[92mperformance record is 60 and desired threshold was 50[39m
[92maccessibility record is 71 and desired threshold was 50[39m
[92mbest-practices record is 100 and desired threshold was 100[39m
[92mseo record is 57.99999999999999 and desired threshold was 50[39m

[[ATTACHMENT|../test-results/performance.audit-Lighthou-5025e--meet-performance-standards-nonfunctional/attachments/lighthouse-report-home-page-36224c2498a740f8c683b542b29d916aa950385a.html]]

[[ATTACHMENT|../test-results/performance.audit-Lighthou-5025e--meet-performance-standards-nonfunctional/trace.zip]]
]]>
</system-out>
</testcase>
<testcase name="Lighthouse Performance Audit › Login page should meet performance standards" classname="nonfunctional/performance.audit.spec.ts" time="6.523">
<system-out>
<![CDATA[

[34m-------- playwright lighthouse audit reports --------[39m


[92mperformance record is 93 and desired threshold was 90[39m
[92maccessibility record is 74 and desired threshold was 50[39m
[92mbest-practices record is 100 and desired threshold was 100[39m
[92mseo record is 57.99999999999999 and desired threshold was 50[39m

[[ATTACHMENT|../test-results/performance.audit-Lighthou-92fef--meet-performance-standards-nonfunctional/attachments/lighthouse-report-login-page-c40641870ca2ba9773823b33a7104610d178c028.html]]

[[ATTACHMENT|../test-results/performance.audit-Lighthou-92fef--meet-performance-standards-nonfunctional/trace.zip]]
]]>
</system-out>
</testcase>
<testcase name="Lighthouse Performance Audit › Register page should meet performance standards" classname="nonfunctional/performance.audit.spec.ts" time="7.031">
<system-out>
<![CDATA[

[34m-------- playwright lighthouse audit reports --------[39m


[92mperformance record is 68 and desired threshold was 50[39m
[92maccessibility record is 74 and desired threshold was 50[39m
[92mbest-practices record is 74 and desired threshold was 70[39m
[92mseo record is 57.99999999999999 and desired threshold was 50[39m

[[ATTACHMENT|../test-results/performance.audit-Lighthou-7e78a--meet-performance-standards-nonfunctional/attachments/lighthouse-report-register-page-69ef717965b0101d9ce8824ce68e56fd9768f067.html]]

[[ATTACHMENT|../test-results/performance.audit-Lighthou-7e78a--meet-performance-standards-nonfunctional/trace.zip]]
]]>
</system-out>
</testcase>
</testsuite>
<testsuite name="nonfunctional/visual.spec.ts" timestamp="2026-01-28T10:27:22.343Z" hostname="nonfunctional" tests="4" failures="4" skipped="0" time="2.381" errors="0">
<testcase name="Visual tests › Home Page visual tests" classname="nonfunctional/visual.spec.ts" time="0.512">
<failure message="visual.spec.ts:7:7 Home Page visual tests" type="FAILURE">
<![CDATA[  [nonfunctional] › nonfunctional/visual.spec.ts:7:7 › Visual tests › Home Page visual tests ───────

    Error: A snapshot doesn't exist at /home/runner/work/gad-mcp-copilot/gad-mcp-copilot/tests/nonfunctional/snapshots/Visual-tests-Home-Page-visual-tests-1.png, writing actual.

       9 |     await new HomePage(page).goto();
      10 |     // Act & Assert
    > 11 |     await expect(page).toHaveScreenshot({ fullPage: true });
         |     ^
      12 |   });
      13 |
      14 |   test('Login Page visual tests', async ({ page }) => {
        at /home/runner/work/gad-mcp-copilot/gad-mcp-copilot/tests/nonfunctional/visual.spec.ts:11:5

    attachment #1: Visual-tests-Home-Page-visual-tests-1 (image/png) ───────────────────────────────
    Expected: nonfunctional/snapshots/Visual-tests-Home-Page-visual-tests-1.png
    Received: ../test-results/visual-Visual-tests-Home-Page-visual-tests-nonfunctional/Visual-tests-Home-Page-visual-tests-1-actual.png
    ────────────────────────────────────────────────────────────────────────────────────────────────

    Error Context: ../test-results/visual-Visual-tests-Home-Page-visual-tests-nonfunctional/error-context.md

    attachment #3: trace (application/zip) ─────────────────────────────────────────────────────────
    ../test-results/visual-Visual-tests-Home-Page-visual-tests-nonfunctional/trace.zip
    Usage:

        npx playwright show-trace ../test-results/visual-Visual-tests-Home-Page-visual-tests-nonfunctional/trace.zip

    ────────────────────────────────────────────────────────────────────────────────────────────────
]]>
</failure>
<system-out>
<![CDATA[
[[ATTACHMENT|../tests/nonfunctional/snapshots/Visual-tests-Home-Page-visual-tests-1.png]]

[[ATTACHMENT|../test-results/visual-Visual-tests-Home-Page-visual-tests-nonfunctional/Visual-tests-Home-Page-visual-tests-1-actual.png]]

[[ATTACHMENT|../test-results/visual-Visual-tests-Home-Page-visual-tests-nonfunctional/error-context.md]]

[[ATTACHMENT|../test-results/visual-Visual-tests-Home-Page-visual-tests-nonfunctional/trace.zip]]
]]>
</system-out>
</testcase>
<testcase name="Visual tests › Login Page visual tests" classname="nonfunctional/visual.spec.ts" time="0.564">
<failure message="visual.spec.ts:14:7 Login Page visual tests" type="FAILURE">
<![CDATA[  [nonfunctional] › nonfunctional/visual.spec.ts:14:7 › Visual tests › Login Page visual tests ─────

    Error: A snapshot doesn't exist at /home/runner/work/gad-mcp-copilot/gad-mcp-copilot/tests/nonfunctional/snapshots/Visual-tests-Login-Page-visual-tests-1.png, writing actual.

      17 |     const loginForm = page.locator('form');
      18 |     // Act & Assert
    > 19 |     await expect(loginForm).toHaveScreenshot();
         |     ^
      20 |   });
      21 |
      22 |   test('Register Page visual tests (masking)', async ({ page }) => {
        at /home/runner/work/gad-mcp-copilot/gad-mcp-copilot/tests/nonfunctional/visual.spec.ts:19:5

    attachment #1: Visual-tests-Login-Page-visual-tests-1 (image/png) ──────────────────────────────
    Expected: nonfunctional/snapshots/Visual-tests-Login-Page-visual-tests-1.png
    Received: ../test-results/visual-Visual-tests-Login-Page-visual-tests-nonfunctional/Visual-tests-Login-Page-visual-tests-1-actual.png
    ────────────────────────────────────────────────────────────────────────────────────────────────

    Error Context: ../test-results/visual-Visual-tests-Login-Page-visual-tests-nonfunctional/error-context.md

    attachment #3: trace (application/zip) ─────────────────────────────────────────────────────────
    ../test-results/visual-Visual-tests-Login-Page-visual-tests-nonfunctional/trace.zip
    Usage:

        npx playwright show-trace ../test-results/visual-Visual-tests-Login-Page-visual-tests-nonfunctional/trace.zip

    ────────────────────────────────────────────────────────────────────────────────────────────────
]]>
</failure>
<system-out>
<![CDATA[
[[ATTACHMENT|../tests/nonfunctional/snapshots/Visual-tests-Login-Page-visual-tests-1.png]]

[[ATTACHMENT|../test-results/visual-Visual-tests-Login-Page-visual-tests-nonfunctional/Visual-tests-Login-Page-visual-tests-1-actual.png]]

[[ATTACHMENT|../test-results/visual-Visual-tests-Login-Page-visual-tests-nonfunctional/error-context.md]]

[[ATTACHMENT|../test-results/visual-Visual-tests-Login-Page-visual-tests-nonfunctional/trace.zip]]
]]>
</system-out>
</testcase>
<testcase name="Visual tests › Register Page visual tests (masking)" classname="nonfunctional/visual.spec.ts" time="0.669">
<failure message="visual.spec.ts:22:7 Register Page visual tests (masking)" type="FAILURE">
<![CDATA[  [nonfunctional] › nonfunctional/visual.spec.ts:22:7 › Visual tests › Register Page visual tests (masking) 

    Error: A snapshot doesn't exist at /home/runner/work/gad-mcp-copilot/gad-mcp-copilot/tests/nonfunctional/snapshots/Visual-tests-Register-Page-visual-tests-masking-1.png, writing actual.

      27 |     const userAvatarSelect = page.locator('select#avatar');
      28 |     // Act & Assert
    > 29 |     await expect(registerForm).toHaveScreenshot({
         |     ^
      30 |       mask: [userAvatarImage, userAvatarSelect],
      31 |     });
      32 |   });
        at /home/runner/work/gad-mcp-copilot/gad-mcp-copilot/tests/nonfunctional/visual.spec.ts:29:5

    attachment #1: Visual-tests-Register-Page-visual-tests-masking-1 (image/png) ───────────────────
    Expected: nonfunctional/snapshots/Visual-tests-Register-Page-visual-tests-masking-1.png
    Received: ../test-results/visual-Visual-tests-Register-Page-visual-tests-masking--nonfunctional/Visual-tests-Register-Page-visual-tests-masking-1-actual.png
    ────────────────────────────────────────────────────────────────────────────────────────────────

    Error Context: ../test-results/visual-Visual-tests-Register-Page-visual-tests-masking--nonfunctional/error-context.md

    attachment #3: trace (application/zip) ─────────────────────────────────────────────────────────
    ../test-results/visual-Visual-tests-Register-Page-visual-tests-masking--nonfunctional/trace.zip
    Usage:

        npx playwright show-trace ../test-results/visual-Visual-tests-Register-Page-visual-tests-masking--nonfunctional/trace.zip

    ────────────────────────────────────────────────────────────────────────────────────────────────
]]>
</failure>
<system-out>
<![CDATA[
[[ATTACHMENT|../tests/nonfunctional/snapshots/Visual-tests-Register-Page-visual-tests-masking-1.png]]

[[ATTACHMENT|../test-results/visual-Visual-tests-Register-Page-visual-tests-masking--nonfunctional/Visual-tests-Register-Page-visual-tests-masking-1-actual.png]]

[[ATTACHMENT|../test-results/visual-Visual-tests-Register-Page-visual-tests-masking--nonfunctional/error-context.md]]

[[ATTACHMENT|../test-results/visual-Visual-tests-Register-Page-visual-tests-masking--nonfunctional/trace.zip]]
]]>
</system-out>
</testcase>
<testcase name="Visual tests › Register Page visual tests (mocking)" classname="nonfunctional/visual.spec.ts" time="0.636">
<failure message="visual.spec.ts:34:7 Register Page visual tests (mocking)" type="FAILURE">
<![CDATA[  [nonfunctional] › nonfunctional/visual.spec.ts:34:7 › Visual tests › Register Page visual tests (mocking) 

    Error: A snapshot doesn't exist at /home/runner/work/gad-mcp-copilot/gad-mcp-copilot/tests/nonfunctional/snapshots/Visual-tests-Register-Page-visual-tests-mocking-1.png, writing actual.

      42 |     const registerForm = page.locator('form#registerForm');
      43 |     // Assert
    > 44 |     await expect(registerForm).toHaveScreenshot();
         |     ^
      45 |   });
      46 | });
      47 |
        at /home/runner/work/gad-mcp-copilot/gad-mcp-copilot/tests/nonfunctional/visual.spec.ts:44:5

    attachment #1: Visual-tests-Register-Page-visual-tests-mocking-1 (image/png) ───────────────────
    Expected: nonfunctional/snapshots/Visual-tests-Register-Page-visual-tests-mocking-1.png
    Received: ../test-results/visual-Visual-tests-Register-Page-visual-tests-mocking--nonfunctional/Visual-tests-Register-Page-visual-tests-mocking-1-actual.png
    ────────────────────────────────────────────────────────────────────────────────────────────────

    Error Context: ../test-results/visual-Visual-tests-Register-Page-visual-tests-mocking--nonfunctional/error-context.md

    attachment #3: trace (application/zip) ─────────────────────────────────────────────────────────
    ../test-results/visual-Visual-tests-Register-Page-visual-tests-mocking--nonfunctional/trace.zip
    Usage:

        npx playwright show-trace ../test-results/visual-Visual-tests-Register-Page-visual-tests-mocking--nonfunctional/trace.zip

    ────────────────────────────────────────────────────────────────────────────────────────────────
]]>
</failure>
<system-out>
<![CDATA[
[[ATTACHMENT|../tests/nonfunctional/snapshots/Visual-tests-Register-Page-visual-tests-mocking-1.png]]

[[ATTACHMENT|../test-results/visual-Visual-tests-Register-Page-visual-tests-mocking--nonfunctional/Visual-tests-Register-Page-visual-tests-mocking-1-actual.png]]

[[ATTACHMENT|../test-results/visual-Visual-tests-Register-Page-visual-tests-mocking--nonfunctional/error-context.md]]

[[ATTACHMENT|../test-results/visual-Visual-tests-Register-Page-visual-tests-mocking--nonfunctional/trace.zip]]
]]>
</system-out>
</testcase>
</testsuite>
</testsuites>